c:\users\juan\documents\university stuff\game software\isaac-online\isaac-by-xyah - client\simplegame\x64\debug\vc141.pdb
c:\users\juan\documents\university stuff\game software\isaac-online\isaac-by-xyah - client\simplegame\x64\debug\vc141.idb
c:\users\juan\documents\university stuff\game software\isaac-online\isaac-by-xyah - client\simplegame\x64\debug\network.obj
c:\users\juan\documents\university stuff\game software\isaac-online\isaac-by-xyah - client\simplegame\x64\debug\framework.obj
c:\users\juan\documents\university stuff\game software\isaac-online\isaac-by-xyah - client\simplegame\x64\debug\simplegame.obj
c:\users\juan\documents\university stuff\game software\isaac-online\isaac-by-xyah - client\simplegame\x64\debug\scene.obj
c:\users\juan\documents\university stuff\game software\isaac-online\isaac-by-xyah - client\simplegame\x64\debug\menu.obj
c:\users\juan\documents\university stuff\game software\isaac-online\isaac-by-xyah - client\simplegame\x64\debug\logo.obj
c:\users\juan\documents\university stuff\game software\isaac-online\isaac-by-xyah - client\simplegame\x64\debug\gameplay.obj
c:\users\juan\documents\university stuff\game software\isaac-online\isaac-by-xyah - client\simplegame\x64\debug\simplegame.pch
c:\users\juan\documents\university stuff\game software\isaac-online\isaac-by-xyah - client\simplegame\x64\debug\stdafx.obj
c:\users\juan\documents\university stuff\game software\isaac-online\isaac-by-xyah - client\simplegame\x64\debug\renderer.obj
c:\users\juan\documents\university stuff\game software\isaac-online\isaac-by-xyah - client\simplegame\x64\debug\loadpng.obj
c:\users\juan\documents\university stuff\game software\isaac-online\isaac-by-xyah - client\x64\debug\simplegame.exe
c:\users\juan\documents\university stuff\game software\isaac-online\isaac-by-xyah - client\x64\debug\simplegame.ilk
c:\users\juan\documents\university stuff\game software\isaac-online\isaac-by-xyah - client\x64\debug\simplegame.pdb
c:\users\juan\documents\university stuff\game software\isaac-online\isaac-by-xyah - client\simplegame\x64\debug\glut.res
c:\users\hanul seo\desktop\isaac-network\isaac-by-xyah - client\simplegame\x64\debug\collision.obj
c:\users\hanul seo\desktop\isaac-network\isaac-by-xyah - client\simplegame\x64\debug\command.obj
c:\users\hanul seo\desktop\isaac-network\isaac-by-xyah - client\simplegame\x64\debug\cyanengine.obj
c:\users\hanul seo\desktop\isaac-network\isaac-by-xyah - client\simplegame\x64\debug\entities.obj
c:\users\hanul seo\desktop\isaac-network\isaac-by-xyah - client\simplegame\x64\debug\file.obj
c:\users\hanul seo\desktop\isaac-network\isaac-by-xyah - client\simplegame\x64\debug\framework.obj
c:\users\hanul seo\desktop\isaac-network\isaac-by-xyah - client\simplegame\x64\debug\gamepad.obj
c:\users\hanul seo\desktop\isaac-network\isaac-by-xyah - client\simplegame\x64\debug\gameplay.obj
c:\users\hanul seo\desktop\isaac-network\isaac-by-xyah - client\simplegame\x64\debug\graphics.obj
c:\users\hanul seo\desktop\isaac-network\isaac-by-xyah - client\simplegame\x64\debug\input.obj
c:\users\hanul seo\desktop\isaac-network\isaac-by-xyah - client\simplegame\x64\debug\loadpng.obj
c:\users\hanul seo\desktop\isaac-network\isaac-by-xyah - client\simplegame\x64\debug\logo.obj
c:\users\hanul seo\desktop\isaac-network\isaac-by-xyah - client\simplegame\x64\debug\menu.obj
c:\users\hanul seo\desktop\isaac-network\isaac-by-xyah - client\simplegame\x64\debug\network.obj
c:\users\hanul seo\desktop\isaac-network\isaac-by-xyah - client\simplegame\x64\debug\physics.obj
c:\users\hanul seo\desktop\isaac-network\isaac-by-xyah - client\simplegame\x64\debug\renderer.obj
c:\users\hanul seo\desktop\isaac-network\isaac-by-xyah - client\simplegame\x64\debug\scene.obj
c:\users\hanul seo\desktop\isaac-network\isaac-by-xyah - client\simplegame\x64\debug\simplegame.obj
c:\users\hanul seo\desktop\isaac-network\isaac-by-xyah - client\simplegame\x64\debug\sound.obj
c:\users\hanul seo\desktop\isaac-network\isaac-by-xyah - client\simplegame\x64\debug\sprite.obj
c:\users\hanul seo\desktop\isaac-network\isaac-by-xyah - client\simplegame\x64\debug\state.obj
c:\users\hanul seo\desktop\isaac-network\isaac-by-xyah - client\simplegame\x64\debug\stdafx.obj
c:\users\hanul seo\desktop\isaac-network\isaac-by-xyah - client\simplegame\x64\debug\world.obj
c:\users\hanul seo\desktop\isaac-network\isaac-by-xyah - client\simplegame\x64\debug\glut.res
c:\users\hanul seo\desktop\isaac-network\isaac-by-xyah - client\simplegame\x64\debug\simplegame.pch
c:\users\hanul seo\desktop\isaac-network\isaac-by-xyah - client\simplegame\x64\debug\vc141.idb
c:\users\hanul seo\desktop\isaac-network\isaac-by-xyah - client\simplegame\x64\debug\simplegame.tlog\cl.command.1.tlog
c:\users\hanul seo\desktop\isaac-network\isaac-by-xyah - client\simplegame\x64\debug\simplegame.tlog\cl.read.1.tlog
c:\users\hanul seo\desktop\isaac-network\isaac-by-xyah - client\simplegame\x64\debug\simplegame.tlog\cl.write.1.tlog
c:\users\hanul seo\desktop\isaac-network\isaac-by-xyah - client\simplegame\x64\debug\simplegame.tlog\link.command.1.tlog
c:\users\hanul seo\desktop\isaac-network\isaac-by-xyah - client\simplegame\x64\debug\simplegame.tlog\link.read.1.tlog
c:\users\hanul seo\desktop\isaac-network\isaac-by-xyah - client\simplegame\x64\debug\simplegame.tlog\link.write.1.tlog
c:\users\hanul seo\desktop\isaac-network\isaac-by-xyah - client\simplegame\x64\debug\simplegame.tlog\rc.command.1.tlog
c:\users\hanul seo\desktop\isaac-network\isaac-by-xyah - client\simplegame\x64\debug\simplegame.tlog\rc.read.1.tlog
c:\users\hanul seo\desktop\isaac-network\isaac-by-xyah - client\simplegame\x64\debug\simplegame.tlog\rc.write.1.tlog
