  stdafx.cpp
  Framework.cpp
c:\users\hanul seo\desktop\isaac-network\isaac-by-xyah - client\simplegame\framework.h(15): warning C4099: 'Input': 처음에는 'class'을(를) 사용하여 형식 이름을 표시했는데 이제는 'struct'을(를) 사용하여 표시합니다.
  c:\users\hanul seo\desktop\isaac-network\isaac-by-xyah - client\simplegame\framework.h(14): note: 'Input' 선언을 참조하십시오.
  LoadPng.cpp
c:\users\hanul seo\desktop\isaac-network\isaac-by-xyah - client\simplegame\loadpng.cpp(800): warning C4334: '<<': 32비트 시프트의 결과가 암시적으로 64비트로 변환됩니다. 64비트 시프트를 사용하시겠습니까?
c:\users\hanul seo\desktop\isaac-network\isaac-by-xyah - client\simplegame\loadpng.cpp(1462): warning C4267: '=': 'size_t'에서 'int'(으)로 변환하면서 데이터가 손실될 수 있습니다.
c:\users\hanul seo\desktop\isaac-network\isaac-by-xyah - client\simplegame\loadpng.cpp(1466): warning C4267: '=': 'size_t'에서 'int'(으)로 변환하면서 데이터가 손실될 수 있습니다.
c:\users\hanul seo\desktop\isaac-network\isaac-by-xyah - client\simplegame\loadpng.cpp(1538): warning C4267: '=': 'size_t'에서 'unsigned int'(으)로 변환하면서 데이터가 손실될 수 있습니다.
c:\users\hanul seo\desktop\isaac-network\isaac-by-xyah - client\simplegame\loadpng.cpp(3483): warning C4334: '<<': 32비트 시프트의 결과가 암시적으로 64비트로 변환됩니다. 64비트 시프트를 사용하시겠습니까?
c:\users\hanul seo\desktop\isaac-network\isaac-by-xyah - client\simplegame\loadpng.cpp(3497): warning C4267: '인수': 'size_t'에서 'unsigned int'(으)로 변환하면서 데이터가 손실될 수 있습니다.
c:\users\hanul seo\desktop\isaac-network\isaac-by-xyah - client\simplegame\loadpng.cpp(4338): warning C4267: '=': 'size_t'에서 'unsigned int'(으)로 변환하면서 데이터가 손실될 수 있습니다.
c:\users\hanul seo\desktop\isaac-network\isaac-by-xyah - client\simplegame\loadpng.cpp(4386): warning C4267: '=': 'size_t'에서 'unsigned int'(으)로 변환하면서 데이터가 손실될 수 있습니다.
c:\users\hanul seo\desktop\isaac-network\isaac-by-xyah - client\simplegame\loadpng.cpp(4466): warning C4267: '=': 'size_t'에서 'unsigned int'(으)로 변환하면서 데이터가 손실될 수 있습니다.
c:\users\hanul seo\desktop\isaac-network\isaac-by-xyah - client\simplegame\loadpng.cpp(5409): warning C4267: '초기화 중': 'size_t'에서 'unsigned int'(으)로 변환하면서 데이터가 손실될 수 있습니다.
  Network.cpp
  Renderer.cpp
c:\users\hanul seo\desktop\isaac-network\isaac-by-xyah - client\simplegame\renderer.cpp(141): warning C4267: '=': 'size_t'에서 'GLint'(으)로 변환하면서 데이터가 손실될 수 있습니다.
  Logo.cpp
c:\users\hanul seo\desktop\isaac-network\isaac-by-xyah - client\simplegame\framework.h(15): warning C4099: 'Input': 처음에는 'class'을(를) 사용하여 형식 이름을 표시했는데 이제는 'struct'을(를) 사용하여 표시합니다.
  c:\users\hanul seo\desktop\isaac-network\isaac-by-xyah - client\simplegame\framework.h(14): note: 'Input' 선언을 참조하십시오.
  Menu.cpp
c:\users\hanul seo\desktop\isaac-network\isaac-by-xyah - client\simplegame\framework.h(15): warning C4099: 'Input': 처음에는 'class'을(를) 사용하여 형식 이름을 표시했는데 이제는 'struct'을(를) 사용하여 표시합니다.
  c:\users\hanul seo\desktop\isaac-network\isaac-by-xyah - client\simplegame\framework.h(14): note: 'Input' 선언을 참조하십시오.
  Gameplay.cpp
c:\users\hanul seo\desktop\isaac-network\isaac-by-xyah - client\simplegame\framework.h(15): warning C4099: 'Input': 처음에는 'class'을(를) 사용하여 형식 이름을 표시했는데 이제는 'struct'을(를) 사용하여 표시합니다.
  c:\users\hanul seo\desktop\isaac-network\isaac-by-xyah - client\simplegame\framework.h(14): note: 'Input' 선언을 참조하십시오.
c:\users\hanul seo\desktop\isaac-network\isaac-by-xyah - client\simplegame\gameplay.cpp(50): warning C4267: '인수': 'size_t'에서 'u_int'(으)로 변환하면서 데이터가 손실될 수 있습니다.
  Scene.cpp
c:\users\hanul seo\desktop\isaac-network\isaac-by-xyah - client\simplegame\framework.h(15): warning C4099: 'Input': 처음에는 'class'을(를) 사용하여 형식 이름을 표시했는데 이제는 'struct'을(를) 사용하여 표시합니다.
  c:\users\hanul seo\desktop\isaac-network\isaac-by-xyah - client\simplegame\framework.h(14): note: 'Input' 선언을 참조하십시오.
  SimpleGame.cpp
c:\users\hanul seo\desktop\isaac-network\isaac-by-xyah - client\simplegame\framework.h(15): warning C4099: 'Input': 처음에는 'class'을(를) 사용하여 형식 이름을 표시했는데 이제는 'struct'을(를) 사용하여 표시합니다.
  c:\users\hanul seo\desktop\isaac-network\isaac-by-xyah - client\simplegame\framework.h(14): note: 'Input' 선언을 참조하십시오.
  World.cpp
  코드를 생성하고 있습니다...
  SimpleGame.vcxproj -> C:\Users\hanul Seo\Desktop\Isaac-Network\Isaac-by-Xyah - Client\x64\Debug\SimpleGame.exe
